{"ts": "2026-01-01T09:58:56.700024Z", "event": "bridge_run_sql", "status": "OK", "request_id": "", "row_count": 1, "applied_limit": 10, "tables": [], "latency_ms": 212}
{"ts": "2026-01-01T10:00:09.838108Z", "event": "bridge_run_sql", "status": "OK", "request_id": "", "row_count": 1, "applied_limit": 50, "tables": ["gold_airport_kpi_hourly"], "latency_ms": 88}
{"ts": "2026-01-01T10:14:04.757428Z", "event": "bridge_run_sql", "status": "DENY", "reason": "bad_api_key", "request_id": ""}
{"ts": "2026-01-01T10:14:17.373583Z", "event": "bridge_run_sql", "status": "DENY", "reason": "bad_api_key", "request_id": ""}
{"ts": "2026-01-01T10:15:19.648815Z", "event": "bridge_run_sql", "status": "DENY", "reason": "bad_api_key", "request_id": ""}
{"ts": "2026-01-01T10:17:27.247615Z", "event": "bridge_run_sql", "status": "OK", "request_id": "", "row_count": 1, "applied_limit": 50, "tables": ["gold_airport_kpi_hourly"], "latency_ms": 280}
{"ts": "2026-01-01T11:34:24.094547Z", "event": "bridge_run_sql", "status": "DENY", "reason": "bad_api_key", "request_id": "", "role": "analyst"}
{"ts": "2026-01-01T11:35:26.202764Z", "event": "bridge_run_sql", "status": "ERROR", "request_id": "b2c49460-98b9-47d7-8283-d171cb01ef31", "role": "analyst", "error": "IO Error: Could not set lock on file \"/Users/chandrashekharburadkar/Desktop/POC_AMADEUS/garv-amadeus-text2sql/data/amadeus_ops.duckdb\": Conflicting lock is held in /Library/Frameworks/Python.framework/Versions/3.13/Resources/Python.app/Contents/MacOS/Python (PID 17273) by user chandrashekharburadkar. See also https://duckdb.org/docs/stable/connect/concurrency", "latency_ms": 20}
{"ts": "2026-01-01T11:41:03.474918Z", "event": "bridge_run_sql", "status": "ERROR", "request_id": "60d589ae-d060-4967-a3d1-3852c632da78", "role": "analyst", "error": "IO Error: Could not set lock on file \"/Users/chandrashekharburadkar/Desktop/POC_AMADEUS/garv-amadeus-text2sql/data/amadeus_ops.duckdb\": Conflicting lock is held in /Library/Frameworks/Python.framework/Versions/3.13/Resources/Python.app/Contents/MacOS/Python (PID 17273) by user chandrashekharburadkar. See also https://duckdb.org/docs/stable/connect/concurrency", "latency_ms": 44}
{"ts": "2026-01-01T11:44:09.759672Z", "event": "bridge_run_sql", "status": "ERROR", "request_id": "2a8251ca-e1ba-4687-9115-a0feeb8d3045", "role": "analyst", "error": "IO Error: Could not set lock on file \"/Users/chandrashekharburadkar/Desktop/POC_AMADEUS/garv-amadeus-text2sql/data/amadeus_ops.duckdb\": Conflicting lock is held in /Library/Frameworks/Python.framework/Versions/3.13/Resources/Python.app/Contents/MacOS/Python (PID 17273) by user chandrashekharburadkar. See also https://duckdb.org/docs/stable/connect/concurrency", "latency_ms": 10}
{"ts": "2026-01-01T11:46:55.424899Z", "event": "bridge_run_sql", "status": "ERROR", "request_id": "7cbcf268-0fc6-4bde-a4ea-dd3f693b30de", "role": "analyst", "error": "IO Error: Could not set lock on file \"/Users/chandrashekharburadkar/Desktop/POC_AMADEUS/garv-amadeus-text2sql/data/amadeus_ops.duckdb\": Conflicting lock is held in /Library/Frameworks/Python.framework/Versions/3.13/Resources/Python.app/Contents/MacOS/Python (PID 17273) by user chandrashekharburadkar. See also https://duckdb.org/docs/stable/connect/concurrency", "latency_ms": 13}
{"ts": "2026-01-01T11:48:08.550509Z", "event": "bridge_run_sql", "status": "OK", "request_id": "496d0023-a987-498a-a633-09622854fdfd", "role": "analyst", "row_count": 5, "applied_limit": 50, "tables": ["gold_airport_kpi_hourly"], "latency_ms": 347}
{"ts": "2026-01-02T17:57:04.748646Z", "event": "bridge_run_sql", "status": "OK", "request_id": "15c3f419-f0bb-41d3-bbc3-14e1724935af", "role": "analyst", "row_count": 5, "applied_limit": 50, "tables": ["gold_airport_kpi_hourly"], "latency_ms": 297}
{"ts": "2026-01-02T18:05:10.567565Z", "event": "bridge_run_sql", "status": "ERROR", "request_id": "9a233f03-024d-43df-9a75-740887594981", "role": "analyst", "error": "Blocked SQL: role does not allow table: dim_airport", "latency_ms": 2}
{"ts": "2026-01-02T19:01:13.837385Z", "event": "bridge_run_sql", "status": "OK", "request_id": "116aadba-8cc3-4f7d-994f-28b67c9972cc", "role": "analyst", "row_count": 5, "applied_limit": 50, "tables": ["gold_airport_kpi_hourly"], "latency_ms": 280}
{"ts": "2026-01-02T20:16:40.004984Z", "event": "bridge_run_sql", "status": "ERROR", "request_id": "00858daa-2e3b-427a-9d50-bedd9ba303cf", "role": "analyst", "error": "Blocked SQL: role does not allow table: airport_avg_wait", "latency_ms": 4}
{"ts": "2026-01-02T20:33:24.290363Z", "event": "bridge_run_sql", "status": "OK", "request_id": "57639605-d732-4b80-853e-bb072e488af5", "role": "analyst", "row_count": 5, "applied_limit": 50, "tables": ["gold_airport_kpi_hourly"], "latency_ms": 283}
{"ts": "2026-01-03T04:18:10.924876Z", "event": "bridge_run_sql", "status": "OK", "request_id": "1129a674-bf13-47a0-afa4-2a0e07beaebd", "role": "analyst", "row_count": 8, "applied_limit": 50, "tables": ["gold_airport_kpi_hourly"], "latency_ms": 72}
{"ts": "2026-01-03T04:33:44.596711Z", "event": "bridge_run_sql", "status": "OK", "request_id": "74f88139-3c1b-44c5-82a9-bf0589ab4fa2", "role": "analyst", "row_count": 5, "applied_limit": 50, "tables": ["gold_airport_kpi_hourly"], "latency_ms": 332}
{"ts": "2026-01-03T04:36:19.297362Z", "event": "bridge_run_sql", "status": "ERROR", "request_id": "2d25f0fe-8cd1-4c50-aa2f-edbe3f882d21", "role": "analyst", "error": "Blocked SQL: role does not allow table: checkin_events", "latency_ms": 4}
{"ts": "2026-01-03T04:53:28.019243Z", "event": "bridge_run_sql", "status": "OK", "request_id": "17a69ec1-91d8-444d-858c-e29e4d354a84", "role": "analyst", "row_count": 5, "applied_limit": 50, "tables": ["gold_airport_kpi_hourly"], "latency_ms": 93}
{"ts": "2026-01-03T04:57:33.521118Z", "event": "bridge_run_sql", "status": "OK", "request_id": "7a6cb2ab-a8dd-4bfd-b030-67d3fb080728", "role": "analyst", "row_count": 5, "applied_limit": 50, "tables": ["gold_airport_kpi_hourly"], "latency_ms": 277}
{"ts": "2026-01-03T05:26:15.262112Z", "event": "bridge_run_sql", "status": "OK", "request_id": "9a7d7375-0a7a-4540-ae4f-c8a2e8184eb7", "role": "analyst", "row_count": 5, "applied_limit": 50, "tables": ["gold_airport_kpi_hourly"], "latency_ms": 294}
{"ts": "2026-01-03T06:25:08.467455Z", "event": "bridge_run_sql", "status": "OK", "request_id": "b0796971-4d8c-44b9-a208-349de0bd9d0e", "role": "analyst", "row_count": 5, "applied_limit": 50, "tables": ["gold_airport_kpi_hourly"], "latency_ms": 301}
{"ts": "2026-01-03T06:49:49.839176Z", "event": "bridge_run_sql", "status": "OK", "request_id": "5d88aeea-282e-4872-a99e-1df18467e34c", "role": "analyst", "row_count": 5, "applied_limit": 50, "tables": ["gold_airport_kpi_hourly"], "latency_ms": 69}
{"ts": "2026-01-03T06:51:58.302194Z", "event": "bridge_run_sql", "status": "OK", "request_id": "0c2974c1-d91a-423f-9cbe-4e4a416cdf1a", "role": "analyst", "row_count": 5, "applied_limit": 50, "tables": ["gold_airport_kpi_hourly"], "latency_ms": 294}
{"ts": "2026-01-03T06:54:45.618956Z", "event": "bridge_run_sql", "status": "ERROR", "request_id": "f7d72c13-56af-4d4e-a545-88a73ae0863b", "role": "analyst", "error": "Blocked SQL: role does not allow table: airportavgwait", "latency_ms": 3}
{"ts": "2026-01-03T08:13:17.974851Z", "event": "bridge_run_sql", "status": "ERROR", "request_id": "3607683a-a82b-42da-93c2-a60acb9eebca", "role": "analyst", "error": "Blocked SQL: role does not allow table: airportavg", "latency_ms": 2}
{"ts": "2026-01-03T08:18:02.070818Z", "event": "bridge_run_sql", "status": "OK", "request_id": "b063d361-43c5-4969-bae8-496e0ba04acd", "role": "analyst", "row_count": 8, "applied_limit": 50, "tables": ["gold_airport_kpi_hourly"], "latency_ms": 81}
{"ts": "2026-01-03T11:25:55.458328Z", "event": "bridge_run_sql", "status": "OK", "request_id": "dabd8f6a-d849-4cc0-95bb-7204b0e1c9b3", "role": "analyst", "row_count": 5, "applied_limit": 50, "tables": ["gold_airport_kpi_hourly"], "latency_ms": 295}
{"ts": "2026-01-03T11:32:06.577413Z", "event": "bridge_run_sql", "status": "ERROR", "request_id": "bcbb161f-4356-4c7a-bc50-4c0725449c71", "role": "analyst", "error": "Blocked SQL: role does not allow table: dim_airport", "latency_ms": 4}
{"ts": "2026-01-03T11:33:41.814810Z", "event": "bridge_run_sql", "status": "ERROR", "request_id": "f5e0b4cd-d8f6-40bc-84c7-c6cf6c665910", "role": "analyst", "error": "Blocked SQL: role does not allow table: checkin_events", "latency_ms": 5}
{"ts": "2026-01-03T11:36:55.915831Z", "event": "bridge_run_sql", "status": "ERROR", "request_id": "2ad605e4-e997-4e72-8bfd-72839bdffd75", "role": "analyst", "error": "Blocked SQL: role does not allow table: checkin_events", "latency_ms": 5}
{"ts": "2026-01-03T11:38:05.298242Z", "event": "bridge_run_sql", "status": "OK", "request_id": "f63aec48-d20b-48eb-aa3c-c2bf3d4a19cc", "role": "analyst", "row_count": 5, "applied_limit": 50, "tables": ["gold_airport_kpi_hourly"], "latency_ms": 278}
{"ts": "2026-01-03T11:57:21.877136Z", "event": "bridge_run_sql", "status": "ERROR", "request_id": "b8b92335-3d30-49ad-84db-87f0cf72703f", "role": "analyst", "error": "Blocked SQL: role does not allow table: checkin_events", "latency_ms": 4}
{"ts": "2026-01-04T04:21:05.355979Z", "event": "bridge_run_sql", "status": "OK", "request_id": "10e2f19e-46c2-4558-8541-2d3b8507da96", "role": "analyst", "row_count": 5, "applied_limit": 50, "tables": ["gold_airport_kpi_hourly"], "latency_ms": 316}
{"ts": "2026-01-04T04:50:17.433768Z", "event": "bridge_run_sql", "status": "ERROR", "request_id": "d9699313-57ba-4b09-aa97-a2bd4e305e0a", "role": "analyst", "error": "Blocked SQL: role does not allow table: airport_avg_wait", "latency_ms": 9}
{"ts": "2026-01-04T04:52:20.982028Z", "event": "bridge_run_sql", "status": "OK", "request_id": "d222621c-68fd-46a1-80f3-f9ea4c2805a5", "role": "analyst", "row_count": 5, "applied_limit": 50, "tables": ["gold_airport_kpi_hourly"], "latency_ms": 301}
{"ts": "2026-01-04T05:53:40.881853Z", "event": "bridge_run_sql", "status": "ERROR", "request_id": "631cfe13-02d9-4010-adac-627752c62c82", "role": "analyst", "error": "Blocked SQL: role does not allow table: overallavg", "latency_ms": 2}
{"ts": "2026-01-04T06:01:28.366577Z", "event": "bridge_run_sql", "status": "ERROR", "request_id": "eb601694-5610-4a6c-a563-dd78afe6ab34", "role": "analyst", "error": "Blocked SQL: role does not allow table: airportavgsecuritywait", "latency_ms": 3}
{"ts": "2026-01-04T06:04:46.015383Z", "event": "bridge_run_sql", "status": "OK", "request_id": "5cf9a653-df05-4e7e-afda-dc9a3d63045e", "role": "analyst", "row_count": 40, "applied_limit": 50, "tables": ["gold_airport_kpi_hourly"], "latency_ms": 370}
{"ts": "2026-01-04T06:06:09.518394Z", "event": "bridge_run_sql", "status": "ERROR", "request_id": "18417ebb-41f2-4588-9703-49cc3482522e", "role": "analyst", "error": "Blocked SQL: role does not allow table: airportavgsecuritywait", "latency_ms": 5}
{"ts": "2026-01-04T06:18:32.131348Z", "event": "bridge_run_sql", "status": "ERROR", "request_id": "347f9218-20f2-4350-9a46-ad401797626c", "role": "analyst", "error": "Blocked SQL: role does not allow table: airportavgsecuritywait", "latency_ms": 4}
{"ts": "2026-01-04T06:22:48.384384Z", "event": "bridge_run_sql", "status": "ERROR", "request_id": "5a3160c5-c0d3-44a2-8443-f719540076b3", "role": "analyst", "error": "Blocked SQL: role does not allow table: airportavgsecuritywait", "latency_ms": 7}
{"ts": "2026-01-04T06:24:47.738765Z", "event": "bridge_run_sql", "status": "ERROR", "request_id": "9d1aabe1-4988-4f8b-8397-ed6a62cd843b", "role": "analyst", "error": "Blocked SQL: role does not allow table: airportavgsecuritywait", "latency_ms": 4}
{"ts": "2026-01-04T06:31:15.407250Z", "event": "bridge_run_sql", "status": "OK", "request_id": "", "role": "analyst", "row_count": 1, "applied_limit": 50, "tables": [], "latency_ms": 282}
{"ts": "2026-01-04T06:31:15.411106Z", "event": "bridge_run_sql", "status": "ERROR", "request_id": "", "role": "analyst", "error": "SQL is empty.", "latency_ms": 1}
{"ts": "2026-01-04T06:31:15.419563Z", "event": "bridge_run_sql", "status": "OK", "request_id": "", "role": "analyst", "row_count": 1, "applied_limit": 5, "tables": [], "latency_ms": 7}
{"ts": "2026-01-04T06:31:15.423016Z", "event": "bridge_run_sql", "status": "ERROR", "request_id": "", "role": "analyst", "error": "SQL is empty.", "latency_ms": 1}
{"ts": "2026-01-04T06:31:15.425932Z", "event": "bridge_run_sql", "status": "ERROR", "request_id": "", "role": "analyst", "error": "SQL is empty.", "latency_ms": 1}
{"ts": "2026-01-04T06:37:18.705736Z", "event": "bridge_run_sql", "status": "ERROR", "request_id": "f4ed7053-f9d9-46cc-af84-871fd0d58407", "role": "analyst", "error": "Blocked SQL: role does not allow table: overallavg", "latency_ms": 5}
{"ts": "2026-01-04T06:39:39.520523Z", "event": "bridge_run_sql", "status": "OK", "request_id": "382edfd6-cb03-4df5-8392-e0ae4805e48a", "role": "analyst", "row_count": 0, "applied_limit": 50, "tables": ["gold_airport_kpi_hourly"], "latency_ms": 57}
{"ts": "2026-01-04T06:55:47.400756Z", "event": "bridge_run_sql", "status": "OK", "request_id": "3754b03e-74bf-41be-ac59-81ad90de7733", "role": "analyst", "row_count": 5, "applied_limit": 50, "tables": ["gold_airport_kpi_hourly"], "latency_ms": 286}
{"ts": "2026-01-04T07:03:24.523177Z", "event": "bridge_run_sql", "status": "OK", "request_id": "8bdf62c6-f2be-4a00-89c1-f9df45f74043", "role": "analyst", "row_count": 5, "applied_limit": 50, "tables": ["gold_airport_kpi_hourly"], "latency_ms": 266}
{"ts": "2026-01-04T07:04:29.532369Z", "event": "bridge_run_sql", "status": "OK", "request_id": "be85d226-989e-4049-9cf1-87b0bcdcd693", "role": "analyst", "row_count": 5, "applied_limit": 50, "tables": ["gold_airport_kpi_hourly"], "latency_ms": 12}
{"ts": "2026-01-04T07:15:14.781003Z", "event": "bridge_run_sql", "status": "OK", "request_id": "36f5be86-0a2e-4c80-bad2-24a011e5afc3", "role": "analyst", "row_count": 5, "applied_limit": 50, "tables": ["gold_airport_kpi_hourly"], "latency_ms": 257}
{"ts": "2026-01-04T07:17:25.528095Z", "event": "bridge_run_sql", "status": "ERROR", "request_id": "5485318b-d89f-4bff-817e-6e011e4f546a", "role": "analyst", "error": "Blocked SQL: role does not allow table: airportavgwait", "latency_ms": 2}
{"ts": "2026-01-04T07:19:16.859464Z", "event": "bridge_run_sql", "status": "ERROR", "request_id": "2b4db21b-e9b9-43f8-ab2a-b6eb2eea45a4", "role": "analyst", "error": "Blocked SQL: role does not allow table: airportsecuritykpi", "latency_ms": 3}
{"ts": "2026-01-04T07:19:25.148232Z", "event": "bridge_run_sql", "status": "OK", "request_id": "44ef71d5-18a6-4772-9e22-56469039ee7c", "role": "analyst", "row_count": 40, "applied_limit": 50, "tables": ["gold_airport_kpi_hourly"], "latency_ms": 14}
{"ts": "2026-01-04T07:53:28.743913Z", "event": "bridge_run_sql", "status": "OK", "request_id": "9e416f3f-217e-4d2f-8448-1f7de1ffee68", "role": "analyst", "row_count": 40, "applied_limit": 50, "tables": ["gold_airport_kpi_hourly"], "latency_ms": 39}
{"ts": "2026-01-04T07:55:01.156239Z", "event": "bridge_run_sql", "status": "ERROR", "request_id": "5915c0cb-08b1-40ae-abb3-27c6de6a8178", "role": "analyst", "error": "Blocked SQL: role does not allow table: airportavgwait", "latency_ms": 4}
{"ts": "2026-01-04T07:59:18.367392Z", "event": "bridge_run_sql", "status": "OK", "request_id": "009f4a48-6b3a-4b80-a38c-66d11f9f0c7e", "role": "analyst", "row_count": 40, "applied_limit": 50, "tables": ["gold_airport_kpi_hourly"], "latency_ms": 267}
{"ts": "2026-01-04T08:00:34.533580Z", "event": "bridge_run_sql", "status": "OK", "request_id": "3caa98b6-c085-4b13-b1d6-c5da019aac0c", "role": "analyst", "row_count": 8, "applied_limit": 50, "tables": ["gold_airport_kpi_hourly"], "latency_ms": 18}
{"ts": "2026-01-04T08:37:55.180900Z", "event": "bridge_run_sql", "status": "ERROR", "request_id": "d25f336c-08a7-4fbc-8955-8780184e8319", "role": "analyst", "error": "Blocked SQL: role does not allow table: airportsecuritywait", "latency_ms": 5}
{"ts": "2026-01-04T08:39:05.595775Z", "event": "bridge_run_sql", "status": "OK", "request_id": "2c07b5f1-d3ff-4d49-a45b-bd7092dc2e73", "role": "analyst", "row_count": 40, "applied_limit": 50, "tables": ["gold_airport_kpi_hourly"], "latency_ms": 276}
{"ts": "2026-01-04T08:56:22.347075Z", "event": "bridge_run_sql", "status": "OK", "request_id": "3e45b0bd-a3a2-43af-a40a-6056e82fefd2", "role": "analyst", "row_count": 5, "applied_limit": 50, "tables": ["gold_airport_kpi_hourly"], "latency_ms": 299}
{"ts": "2026-01-04T09:06:59.342386Z", "event": "bridge_run_sql", "status": "OK", "request_id": "356f7656-fc08-424f-9d26-4504d86dbe2c", "role": "analyst", "row_count": 5, "applied_limit": 50, "tables": ["gold_airport_kpi_hourly"], "latency_ms": 20}
{"ts": "2026-01-04T09:08:57.520255Z", "event": "bridge_run_sql", "status": "ERROR", "request_id": "66ac45fa-b1a0-483f-b942-5fb35119a04b", "role": "analyst", "error": "Blocked SQL: role does not allow table: g.hour", "latency_ms": 3}
{"ts": "2026-01-04T09:31:02.424903Z", "event": "bridge_run_sql", "status": "OK", "request_id": "25b4f2e9-f96d-4ae1-bc05-065d864ebc67", "role": "analyst", "row_count": 5, "applied_limit": 50, "tables": ["gold_airport_kpi_hourly"], "latency_ms": 17}
{"ts": "2026-01-04T09:33:18.714770Z", "event": "bridge_run_sql", "status": "ERROR", "request_id": "89cf7294-7b91-40a9-8c67-890f7a7f53d9", "role": "analyst", "error": "Blocked SQL: role does not allow table: t.hour", "latency_ms": 3}
{"ts": "2026-01-04T09:35:58.514786Z", "event": "bridge_run_sql", "status": "OK", "request_id": "5e357ebb-7785-4902-a724-4bdb0f447a7a", "role": "analyst", "row_count": 5, "applied_limit": 50, "tables": ["gold_airport_kpi_hourly"], "latency_ms": 23}
{"ts": "2026-01-04T09:36:53.572666Z", "event": "bridge_run_sql", "status": "OK", "request_id": "e96dcaf6-2a27-4aa7-bd93-f3f695b3d4d4", "role": "analyst", "row_count": 5, "applied_limit": 50, "tables": ["gold_airport_kpi_hourly"], "latency_ms": 14}
{"ts": "2026-01-04T09:48:13.493111Z", "event": "bridge_run_sql", "status": "OK", "request_id": "5c456d5c-ef50-4f11-85fd-f7281f3f3f4e", "role": "analyst", "row_count": 5, "applied_limit": 50, "tables": ["gold_airport_kpi_hourly"], "latency_ms": 19}
{"ts": "2026-01-04T09:49:26.651138Z", "event": "bridge_run_sql", "status": "ERROR", "request_id": "7ee790bf-2049-4498-8e6c-004ac92510ea", "role": "analyst", "error": "Blocked SQL: role does not allow table: current_period_avg", "latency_ms": 2}
{"ts": "2026-01-04T09:59:34.004831Z", "event": "bridge_run_sql", "status": "OK", "request_id": "16478ae2-3cbb-47e5-8249-689cc5920483", "role": "analyst", "row_count": 5, "applied_limit": 50, "tables": ["gold_airport_kpi_hourly"], "latency_ms": 21}
{"ts": "2026-01-04T10:02:27.665149Z", "event": "bridge_run_sql", "status": "OK", "request_id": "4cbcf93f-a96c-4227-ac0c-45603d26ede8", "role": "analyst", "row_count": 5, "applied_limit": 50, "tables": ["gold_airport_kpi_hourly"], "latency_ms": 22}
{"ts": "2026-01-04T10:03:22.043159Z", "event": "bridge_run_sql", "status": "ERROR", "request_id": "5d0d32f9-3bb4-4e90-a877-12fb0ce7185d", "role": "analyst", "error": "Blocked SQL: role does not allow table: t1.hour", "latency_ms": 3}
{"ts": "2026-01-04T10:04:12.517270Z", "event": "bridge_run_sql", "status": "OK", "request_id": "daa7bb1b-798f-49cc-9731-312a18b76a1e", "role": "analyst", "row_count": 5, "applied_limit": 50, "tables": ["gold_airport_kpi_hourly"], "latency_ms": 80}
{"ts": "2026-01-04T10:07:40.339027Z", "event": "bridge_run_sql", "status": "OK", "request_id": "379efb58-9d1d-4b8a-8ef6-839cc483d886", "role": "analyst", "row_count": 50, "applied_limit": 50, "tables": ["gold_airport_kpi_hourly"], "latency_ms": 16}
